16:04:53.262 [main] INFO  org.ciaf.user.UserGenerator - User generated: Mrs. Jeffrey Simonis, email: theodora.lubowitz@gmail.com, rol: salesperson
16:04:53.274 [main] INFO  org.ciaf.user.UserGenerator - User generated: Maren Hand, email: roxane.mante@yahoo.com, rol: salesperson
16:04:53.274 [main] INFO  org.ciaf.user.UserGenerator - User generated: Danyel Nienow, email: rufus.padberg@gmail.com, rol: salesperson
16:04:53.274 [main] INFO  org.ciaf.user.UserGenerator - User generated: Fredda Walsh, email: mattie.heaney@yahoo.com, rol: salesperson
16:04:53.274 [main] INFO  org.ciaf.user.UserGenerator - User generated: Randy Jerde, email: rosalba.larkin@gmail.com, rol: salesperson
16:04:53.274 [main] INFO  org.ciaf.user.UserGenerator - User generated: Miss Lauren Dooley, email: ulysses.bergstrom@yahoo.com, rol: salesperson
16:04:53.274 [main] INFO  org.ciaf.user.UserGenerator - User generated: Angel Sipes, email: christopher.bednar@hotmail.com, rol: salesperson
16:04:53.289 [main] INFO  org.ciaf.user.UserGenerator - User generated: Ray Cormier, email: bradley.padberg@yahoo.com, rol: salesperson
16:04:53.289 [main] INFO  org.ciaf.user.UserGenerator - User generated: Jason Turcotte, email: anthony.von@hotmail.com, rol: salesperson
16:04:53.289 [main] INFO  org.ciaf.user.UserGenerator - User generated: Mrs. Kylee Bergnaum, email: arnold.mayert@yahoo.com, rol: salesperson
16:04:53.289 [main] INFO  org.ciaf.user.UserGenerator - User generated: Lavone Wilderman, email: merrilee.toy@yahoo.com, rol: salesperson
16:04:53.289 [main] INFO  org.ciaf.user.UserGenerator - User generated: Mr. Nick Medhurst, email: refugio.cummings@yahoo.com, rol: salesperson
16:04:53.289 [main] INFO  org.ciaf.user.UserGenerator - User generated: Donte Donnelly, email: rodney.cummings@yahoo.com, rol: salesperson
16:04:53.289 [main] INFO  org.ciaf.user.UserGenerator - User generated: Archie Nicolas PhD, email: ambrose.dare@yahoo.com, rol: salesperson
16:04:53.289 [main] INFO  org.ciaf.user.UserGenerator - User generated: Helga Kreiger, email: kendrick.gerlach@gmail.com, rol: salesperson
16:04:53.289 [main] INFO  org.ciaf.user.UserGenerator - User generated: Antonio Jaskolski, email: gregory.bradtke@hotmail.com, rol: salesperson
16:04:53.289 [main] INFO  org.ciaf.user.UserGenerator - User generated: Katharine Murray, email: lyndon.wehner@hotmail.com, rol: salesperson
16:04:53.289 [main] INFO  org.ciaf.user.UserGenerator - User generated: Emerson Braun, email: major.dickens@hotmail.com, rol: salesperson
16:04:53.289 [main] INFO  org.ciaf.user.UserGenerator - User generated: Weston Herman, email: rosaura.huels@gmail.com, rol: salesperson
16:04:53.289 [main] INFO  org.ciaf.user.UserGenerator - User generated: Mark Kessler, email: kory.ritchie@gmail.com, rol: salesperson
