13:58:25.659 [main] INFO  org.ciaf.user.UserGenerator - User generated: Korey Corwin V, email: darryl.adams@yahoo.com, rol: salesperson
13:58:25.666 [main] INFO  org.ciaf.user.UserGenerator - User generated: Riva Ryan, email: shauna.windler@yahoo.com, rol: salesperson
13:58:25.669 [main] INFO  org.ciaf.user.UserGenerator - User generated: Mariano Jakubowski, email: gayle.bernier@hotmail.com, rol: salesperson
13:58:25.670 [main] INFO  org.ciaf.user.UserGenerator - User generated: Ms. Lakeesha Stroman, email: nelle.howell@hotmail.com, rol: salesperson
13:58:25.671 [main] INFO  org.ciaf.user.UserGenerator - User generated: Maia Zulauf, email: trevor.gutmann@hotmail.com, rol: salesperson
13:58:25.673 [main] INFO  org.ciaf.user.UserGenerator - User generated: Billie Hirthe, email: starla.hills@gmail.com, rol: salesperson
13:58:25.675 [main] INFO  org.ciaf.user.UserGenerator - User generated: Broderick Kilback, email: florinda.stoltenberg@yahoo.com, rol: salesperson
13:58:25.677 [main] INFO  org.ciaf.user.UserGenerator - User generated: Catina Rath, email: gracie.schaefer@yahoo.com, rol: salesperson
13:58:25.681 [main] INFO  org.ciaf.user.UserGenerator - User generated: Lindsay Ferry, email: kristofer.blick@hotmail.com, rol: salesperson
13:58:25.682 [main] INFO  org.ciaf.user.UserGenerator - User generated: Shalanda Raynor, email: raven.breitenberg@hotmail.com, rol: salesperson
13:58:25.683 [main] INFO  org.ciaf.user.UserGenerator - User generated: Rodrick Emard DDS, email: luke.hickle@gmail.com, rol: salesperson
13:58:25.684 [main] INFO  org.ciaf.user.UserGenerator - User generated: Collene Kshlerin, email: agripina.stoltenberg@hotmail.com, rol: salesperson
13:58:25.685 [main] INFO  org.ciaf.user.UserGenerator - User generated: Mrs. Louis Little, email: yoshie.gutkowski@gmail.com, rol: salesperson
13:58:25.687 [main] INFO  org.ciaf.user.UserGenerator - User generated: Ms. Jc Powlowski, email: ernesto.sipes@hotmail.com, rol: salesperson
13:58:25.687 [main] INFO  org.ciaf.user.UserGenerator - User generated: Twanna Murray PhD, email: bettina.weimann@yahoo.com, rol: salesperson
13:58:25.691 [main] INFO  org.ciaf.user.UserGenerator - User generated: Landon Olson, email: ronni.kuhlman@gmail.com, rol: salesperson
13:58:25.692 [main] INFO  org.ciaf.user.UserGenerator - User generated: Minta Monahan, email: ronald.treutel@hotmail.com, rol: salesperson
13:58:25.694 [main] INFO  org.ciaf.user.UserGenerator - User generated: Jina Runte Jr., email: adelaida.veum@yahoo.com, rol: salesperson
13:58:25.695 [main] INFO  org.ciaf.user.UserGenerator - User generated: Miriam Kassulke, email: michael.hansen@hotmail.com, rol: salesperson
13:58:25.695 [main] INFO  org.ciaf.user.UserGenerator - User generated: William Jenkins, email: rena.rutherford@yahoo.com, rol: salesperson
