17:40:44.538 [main] INFO  org.ciaf.user.UserGenerator - User generated: Trevor Pfannerstill, email: toshiko.kuvalis@gmail.com, rol: salesperson
17:40:44.542 [main] INFO  org.ciaf.user.UserGenerator - User generated: Belva Stiedemann, email: marquis.thompson@gmail.com, rol: salesperson
17:40:44.544 [main] INFO  org.ciaf.user.UserGenerator - User generated: Maximo Berge, email: dorian.zboncak@gmail.com, rol: salesperson
17:40:44.546 [main] INFO  org.ciaf.user.UserGenerator - User generated: Bryan Wisozk, email: ernie.berge@gmail.com, rol: salesperson
17:40:44.547 [main] INFO  org.ciaf.user.UserGenerator - User generated: Jayme Feeney, email: lakeisha.weissnat@yahoo.com, rol: salesperson
17:40:44.558 [main] INFO  org.ciaf.user.UserGenerator - User generated: Ms. Arlen Hirthe, email: kira.lakin@gmail.com, rol: salesperson
17:40:44.559 [main] INFO  org.ciaf.user.UserGenerator - User generated: Christine Schamberger, email: harrison.wolf@yahoo.com, rol: salesperson
17:40:44.561 [main] INFO  org.ciaf.user.UserGenerator - User generated: Jacques Zboncak, email: gerry.reynolds@gmail.com, rol: salesperson
17:40:44.562 [main] INFO  org.ciaf.user.UserGenerator - User generated: Dolly Goodwin, email: joaquin.wilkinson@yahoo.com, rol: salesperson
17:40:44.564 [main] INFO  org.ciaf.user.UserGenerator - User generated: Mrs. Kaci Marquardt, email: amada.keebler@hotmail.com, rol: salesperson
17:40:44.565 [main] INFO  org.ciaf.user.UserGenerator - User generated: Dirk Kulas, email: willow.bahringer@gmail.com, rol: salesperson
17:40:44.567 [main] INFO  org.ciaf.user.UserGenerator - User generated: Garret Howe, email: tyler.bechtelar@yahoo.com, rol: salesperson
17:40:44.569 [main] INFO  org.ciaf.user.UserGenerator - User generated: Phil McLaughlin, email: everett.ohara@hotmail.com, rol: salesperson
17:40:44.570 [main] INFO  org.ciaf.user.UserGenerator - User generated: Domingo Steuber, email: myra.boyle@gmail.com, rol: salesperson
17:40:44.571 [main] INFO  org.ciaf.user.UserGenerator - User generated: Mrs. Hayden Schiller, email: madelyn.glover@gmail.com, rol: salesperson
17:40:44.573 [main] INFO  org.ciaf.user.UserGenerator - User generated: Miss Janae Schroeder, email: timothy.ward@yahoo.com, rol: salesperson
17:40:44.575 [main] INFO  org.ciaf.user.UserGenerator - User generated: Leopoldo Greenholt, email: jarod.jacobson@gmail.com, rol: salesperson
17:40:44.575 [main] INFO  org.ciaf.user.UserGenerator - User generated: Tania Koss, email: jaleesa.strosin@yahoo.com, rol: salesperson
17:40:44.576 [main] INFO  org.ciaf.user.UserGenerator - User generated: Kandis Beahan, email: lakesha.steuber@hotmail.com, rol: salesperson
17:40:44.578 [main] INFO  org.ciaf.user.UserGenerator - User generated: Carolann Huel, email: hans.rolfson@hotmail.com, rol: salesperson
17:40:44.592 [main] INFO  org.ciaf.product.ProductGenerator - Product generated: , ID: 0Name:Sleek Aluminum Knife, Price:184.15
17:40:44.592 [main] INFO  org.ciaf.product.ProductGenerator - Product generated: , ID: 1Name:Mediocre Steel Computer, Price:728.81
17:40:44.593 [main] INFO  org.ciaf.product.ProductGenerator - Product generated: , ID: 2Name:Small Marble Table, Price:776.83
17:40:44.593 [main] INFO  org.ciaf.product.ProductGenerator - Product generated: , ID: 3Name:Ergonomic Steel Knife, Price:900.89
17:40:44.593 [main] INFO  org.ciaf.product.ProductGenerator - Product generated: , ID: 4Name:Lightweight Silk Pants, Price:647.56
17:40:44.593 [main] INFO  org.ciaf.product.ProductGenerator - Product generated: , ID: 5Name:Lightweight Silk Bag, Price:731.76
17:40:44.594 [main] INFO  org.ciaf.product.ProductGenerator - Product generated: , ID: 6Name:Rustic Leather Gloves, Price:706.77
17:40:44.594 [main] INFO  org.ciaf.product.ProductGenerator - Product generated: , ID: 7Name:Lightweight Paper Lamp, Price:949.77
17:40:44.594 [main] INFO  org.ciaf.product.ProductGenerator - Product generated: , ID: 8Name:Rustic Copper Bench, Price:789.09
17:40:44.594 [main] INFO  org.ciaf.product.ProductGenerator - Product generated: , ID: 9Name:Ergonomic Cotton Keyboard, Price:446.04
17:40:44.595 [main] INFO  org.ciaf.product.ProductGenerator - Product generated: , ID: 10Name:Small Wool Hat, Price:470.67
17:40:44.595 [main] INFO  org.ciaf.product.ProductGenerator - Product generated: , ID: 11Name:Mediocre Copper Hat, Price:967.72
17:40:44.595 [main] INFO  org.ciaf.product.ProductGenerator - Product generated: , ID: 12Name:Aerodynamic Linen Gloves, Price:51.68
17:40:44.595 [main] INFO  org.ciaf.product.ProductGenerator - Product generated: , ID: 13Name:Synergistic Granite Gloves, Price:397.46
17:40:44.596 [main] INFO  org.ciaf.product.ProductGenerator - Product generated: , ID: 14Name:Mediocre Rubber Chair, Price:362.95
17:40:44.596 [main] INFO  org.ciaf.product.ProductGenerator - Product generated: , ID: 15Name:Practical Paper Wallet, Price:647.65
17:40:44.596 [main] INFO  org.ciaf.product.ProductGenerator - Product generated: , ID: 16Name:Intelligent Steel Knife, Price:722.88
17:40:44.596 [main] INFO  org.ciaf.product.ProductGenerator - Product generated: , ID: 17Name:Rustic Steel Bottle, Price:109.32
17:40:44.597 [main] INFO  org.ciaf.product.ProductGenerator - Product generated: , ID: 18Name:Mediocre Marble Shirt, Price:220.14
17:40:44.597 [main] INFO  org.ciaf.product.ProductGenerator - Product generated: , ID: 19Name:Rustic Concrete Table, Price:811.47
