13:53:34.794 [main] INFO  org.ciaf.user.UserGenerator - User generated: Williemae Kunde, email: rocco.lesch@yahoo.com, rol: salesperson
13:53:34.794 [main] INFO  org.ciaf.user.UserGenerator - User generated: Wanita Jenkins, email: audrie.shields@hotmail.com, rol: salesperson
13:53:34.812 [main] INFO  org.ciaf.user.UserGenerator - User generated: Loretta Jacobs, email: kimber.homenick@gmail.com, rol: salesperson
13:53:34.813 [main] INFO  org.ciaf.user.UserGenerator - User generated: Loren Crona, email: naoma.mayer@hotmail.com, rol: salesperson
13:53:34.813 [main] INFO  org.ciaf.user.UserGenerator - User generated: Joye Ullrich, email: arielle.botsford@hotmail.com, rol: salesperson
13:53:34.816 [main] INFO  org.ciaf.user.UserGenerator - User generated: Lucius Towne, email: lyndon.cummings@gmail.com, rol: salesperson
13:53:34.816 [main] INFO  org.ciaf.user.UserGenerator - User generated: Mitzie Zieme, email: jewell.buckridge@gmail.com, rol: salesperson
13:53:34.816 [main] INFO  org.ciaf.user.UserGenerator - User generated: Dr. Myesha Donnelly, email: millicent.durgan@gmail.com, rol: salesperson
13:53:34.816 [main] INFO  org.ciaf.user.UserGenerator - User generated: Vada Deckow, email: tora.walter@yahoo.com, rol: salesperson
13:53:34.816 [main] INFO  org.ciaf.user.UserGenerator - User generated: Duane Waters, email: rickie.beatty@hotmail.com, rol: salesperson
13:53:34.816 [main] INFO  org.ciaf.user.UserGenerator - User generated: Reid Brown, email: tommy.kohler@hotmail.com, rol: salesperson
13:53:34.816 [main] INFO  org.ciaf.user.UserGenerator - User generated: Chun Reilly IV, email: avery.schowalter@hotmail.com, rol: salesperson
13:53:34.816 [main] INFO  org.ciaf.user.UserGenerator - User generated: Tabetha Hahn, email: larraine.rice@gmail.com, rol: salesperson
13:53:34.816 [main] INFO  org.ciaf.user.UserGenerator - User generated: Moshe Raynor, email: annmarie.fay@hotmail.com, rol: salesperson
13:53:34.825 [main] INFO  org.ciaf.user.UserGenerator - User generated: Ms. Santo Emmerich, email: kylie.paucek@yahoo.com, rol: salesperson
13:53:34.825 [main] INFO  org.ciaf.user.UserGenerator - User generated: Dr. Mariette Lynch, email: cleo.schinner@yahoo.com, rol: salesperson
13:53:34.825 [main] INFO  org.ciaf.user.UserGenerator - User generated: Nell Homenick, email: cyril.russel@yahoo.com, rol: salesperson
13:53:34.825 [main] INFO  org.ciaf.user.UserGenerator - User generated: Britni Bogisich, email: ty.bernier@gmail.com, rol: salesperson
13:53:34.825 [main] INFO  org.ciaf.user.UserGenerator - User generated: Arnold Bergnaum V, email: isela.swift@gmail.com, rol: salesperson
13:53:34.825 [main] INFO  org.ciaf.user.UserGenerator - User generated: Margy Marks, email: nelson.stracke@yahoo.com, rol: salesperson
