15:57:59.637 [main] INFO  org.ciaf.product.ProductGenerator - Product generated: Durable Wooden Chair, Price:622.25
15:57:59.647 [main] INFO  org.ciaf.product.ProductGenerator - Product generated: Aerodynamic Aluminum Car, Price:862.12
15:57:59.647 [main] INFO  org.ciaf.product.ProductGenerator - Product generated: Incredible Concrete Plate, Price:561.87
15:57:59.647 [main] INFO  org.ciaf.product.ProductGenerator - Product generated: Practical Leather Shoes, Price:107.79
15:57:59.647 [main] INFO  org.ciaf.product.ProductGenerator - Product generated: Ergonomic Aluminum Shoes, Price:456.63
15:57:59.647 [main] INFO  org.ciaf.product.ProductGenerator - Product generated: Durable Plastic Wallet, Price:226.73
15:57:59.647 [main] INFO  org.ciaf.product.ProductGenerator - Product generated: Awesome Bronze Plate, Price:748.09
15:57:59.647 [main] INFO  org.ciaf.product.ProductGenerator - Product generated: Gorgeous Paper Car, Price:688.54
15:57:59.647 [main] INFO  org.ciaf.product.ProductGenerator - Product generated: Sleek Plastic Knife, Price:346.25
15:57:59.647 [main] INFO  org.ciaf.product.ProductGenerator - Product generated: Durable Paper Bottle, Price:832.69
15:57:59.647 [main] INFO  org.ciaf.product.ProductGenerator - Product generated: Intelligent Bronze Bench, Price:402.48
15:57:59.647 [main] INFO  org.ciaf.product.ProductGenerator - Product generated: Intelligent Marble Wallet, Price:693.87
15:57:59.647 [main] INFO  org.ciaf.product.ProductGenerator - Product generated: Rustic Marble Hat, Price:190.61
15:57:59.647 [main] INFO  org.ciaf.product.ProductGenerator - Product generated: Practical Marble Gloves, Price:673.89
15:57:59.647 [main] INFO  org.ciaf.product.ProductGenerator - Product generated: Incredible Copper Plate, Price:48.56
15:57:59.647 [main] INFO  org.ciaf.product.ProductGenerator - Product generated: Gorgeous Bronze Computer, Price:201.31
15:57:59.647 [main] INFO  org.ciaf.product.ProductGenerator - Product generated: Ergonomic Cotton Watch, Price:765.25
15:57:59.647 [main] INFO  org.ciaf.product.ProductGenerator - Product generated: Gorgeous Linen Wallet, Price:181.14
15:57:59.647 [main] INFO  org.ciaf.product.ProductGenerator - Product generated: Durable Bronze Gloves, Price:483.44
15:57:59.647 [main] INFO  org.ciaf.product.ProductGenerator - Product generated: Enormous Copper Wallet, Price:908.02
15:58:47.331 [main] INFO  org.ciaf.user.UserGenerator - User generated: Katharine Halvorson, email: earl.harber@yahoo.com
15:58:47.331 [main] INFO  org.ciaf.user.UserGenerator - User generated: Stanley Crona, email: stacee.west@gmail.com
15:58:47.331 [main] INFO  org.ciaf.user.UserGenerator - User generated: Xiomara Kemmer, email: kum.hamill@hotmail.com
15:58:47.347 [main] INFO  org.ciaf.user.UserGenerator - User generated: Teodoro Predovic, email: trista.nolan@gmail.com
15:58:47.347 [main] INFO  org.ciaf.user.UserGenerator - User generated: Shelby Medhurst, email: erin.corkery@gmail.com
15:58:47.347 [main] INFO  org.ciaf.user.UserGenerator - User generated: Kirk Kunze, email: manual.fritsch@gmail.com
15:58:47.347 [main] INFO  org.ciaf.user.UserGenerator - User generated: Virgil Mayer, email: vincenzo.marvin@gmail.com
15:58:47.347 [main] INFO  org.ciaf.user.UserGenerator - User generated: Maire Beahan, email: raylene.gorczany@hotmail.com
15:58:47.347 [main] INFO  org.ciaf.user.UserGenerator - User generated: Leopoldo Hammes, email: teodoro.berge@yahoo.com
15:58:47.347 [main] INFO  org.ciaf.user.UserGenerator - User generated: Kevin Dicki, email: renetta.emard@gmail.com
15:58:47.347 [main] INFO  org.ciaf.user.UserGenerator - User generated: Wade Rowe, email: grady.pfannerstill@hotmail.com
15:58:47.347 [main] INFO  org.ciaf.user.UserGenerator - User generated: Jonathon Rowe, email: hunter.batz@hotmail.com
15:58:47.347 [main] INFO  org.ciaf.user.UserGenerator - User generated: Lisabeth Prosacco, email: renato.feil@yahoo.com
15:58:47.347 [main] INFO  org.ciaf.user.UserGenerator - User generated: Zada Kunde, email: salome.barrows@hotmail.com
15:58:47.347 [main] INFO  org.ciaf.user.UserGenerator - User generated: Ms. Reynalda Lakin, email: carmelo.kerluke@gmail.com
15:58:47.362 [main] INFO  org.ciaf.user.UserGenerator - User generated: Jean Legros, email: danial.padberg@yahoo.com
15:58:47.362 [main] INFO  org.ciaf.user.UserGenerator - User generated: Linwood Johnson, email: amy.romaguera@hotmail.com
15:58:47.362 [main] INFO  org.ciaf.user.UserGenerator - User generated: Edmund Ledner, email: tyisha.blick@hotmail.com
15:58:47.362 [main] INFO  org.ciaf.user.UserGenerator - User generated: Carmelo Jenkins, email: santos.lockman@hotmail.com
15:58:47.362 [main] INFO  org.ciaf.user.UserGenerator - User generated: Ms. Dillon Keeling, email: mathew.donnelly@yahoo.com
