19:16:15.617 [main] INFO  org.ciaf.user.UserGenerator - User generated: Mr. Zachery Mraz, email: horacio.brekke@yahoo.com, rol: salesperson
19:16:15.617 [main] INFO  org.ciaf.user.UserGenerator - User generated: Ismael VonRueden PhD, email: kathern.emard@yahoo.com, rol: salesperson
19:16:15.631 [main] INFO  org.ciaf.user.UserGenerator - User generated: Rudy Goldner, email: veda.larson@gmail.com, rol: salesperson
19:16:15.631 [main] INFO  org.ciaf.user.UserGenerator - User generated: Ehtel Botsford, email: matthew.abbott@hotmail.com, rol: salesperson
19:16:15.631 [main] INFO  org.ciaf.user.UserGenerator - User generated: Desmond D'Amore, email: shelby.carroll@hotmail.com, rol: salesperson
19:16:15.631 [main] INFO  org.ciaf.user.UserGenerator - User generated: Arlen Ratke I, email: cory.carter@gmail.com, rol: salesperson
19:16:15.631 [main] INFO  org.ciaf.user.UserGenerator - User generated: Ms. Willy Ebert, email: anastacia.powlowski@yahoo.com, rol: salesperson
19:16:15.631 [main] INFO  org.ciaf.user.UserGenerator - User generated: Celsa Runolfsson, email: virginia.gibson@yahoo.com, rol: salesperson
19:16:15.631 [main] INFO  org.ciaf.user.UserGenerator - User generated: Evelia Homenick III, email: dixie.champlin@yahoo.com, rol: salesperson
19:16:15.631 [main] INFO  org.ciaf.user.UserGenerator - User generated: Mrs. Kraig Kiehn, email: felisha.hills@hotmail.com, rol: salesperson
19:16:15.631 [main] INFO  org.ciaf.user.UserGenerator - User generated: Ike Herzog, email: elinor.muller@gmail.com, rol: salesperson
19:16:15.631 [main] INFO  org.ciaf.user.UserGenerator - User generated: Ms. Darcie Considine, email: hugo.wyman@hotmail.com, rol: salesperson
19:16:15.631 [main] INFO  org.ciaf.user.UserGenerator - User generated: Madge Daniel, email: jacinto.rippin@gmail.com, rol: salesperson
19:16:15.647 [main] INFO  org.ciaf.user.UserGenerator - User generated: Leola Gleason, email: roscoe.gutkowski@gmail.com, rol: salesperson
19:16:15.648 [main] INFO  org.ciaf.user.UserGenerator - User generated: Christene Rice Jr., email: lloyd.abernathy@hotmail.com, rol: salesperson
19:16:15.648 [main] INFO  org.ciaf.user.UserGenerator - User generated: Sina Gerhold, email: alexander.weimann@hotmail.com, rol: salesperson
19:16:15.648 [main] INFO  org.ciaf.user.UserGenerator - User generated: Joi Abbott, email: isreal.parisian@yahoo.com, rol: salesperson
19:16:15.648 [main] INFO  org.ciaf.user.UserGenerator - User generated: Claud Senger, email: lakeisha.reinger@gmail.com, rol: salesperson
19:16:15.648 [main] INFO  org.ciaf.user.UserGenerator - User generated: Miquel Hettinger, email: irena.gislason@hotmail.com, rol: salesperson
19:16:15.648 [main] INFO  org.ciaf.user.UserGenerator - User generated: Tenesha Zemlak, email: kirby.rutherford@gmail.com, rol: salesperson
