16:00:35.396 [main] INFO  org.ciaf.user.UserGenerator - User generated: Donny Hackett, email: tameka.moore@yahoo.com
16:00:35.396 [main] INFO  org.ciaf.user.UserGenerator - User generated: Dr. Floy Fisher, email: tanner.fadel@gmail.com
16:00:35.396 [main] INFO  org.ciaf.user.UserGenerator - User generated: Jerrod Veum, email: moshe.ferry@hotmail.com
16:00:35.396 [main] INFO  org.ciaf.user.UserGenerator - User generated: Noella Fay, email: era.marquardt@hotmail.com
16:00:35.396 [main] INFO  org.ciaf.user.UserGenerator - User generated: Kemberly Hegmann, email: deetta.daugherty@hotmail.com
16:00:35.412 [main] INFO  org.ciaf.user.UserGenerator - User generated: Ian Christiansen, email: myrle.casper@yahoo.com
16:00:35.412 [main] INFO  org.ciaf.user.UserGenerator - User generated: Rocky Walter, email: merry.altenwerth@yahoo.com
16:00:35.412 [main] INFO  org.ciaf.user.UserGenerator - User generated: Ms. Andria Turcotte, email: daryl.altenwerth@gmail.com
16:00:35.412 [main] INFO  org.ciaf.user.UserGenerator - User generated: Renato Beahan, email: enid.wolff@gmail.com
16:00:35.419 [main] INFO  org.ciaf.user.UserGenerator - User generated: Mrs. Felecia Kilback, email: shamika.lynch@yahoo.com
16:00:35.419 [main] INFO  org.ciaf.user.UserGenerator - User generated: Miss Kirk Harber, email: mary.witting@gmail.com
16:00:35.419 [main] INFO  org.ciaf.user.UserGenerator - User generated: Mickey Treutel, email: tegan.erdman@yahoo.com
16:00:35.419 [main] INFO  org.ciaf.user.UserGenerator - User generated: Sol Wolf, email: shelby.effertz@gmail.com
16:00:35.419 [main] INFO  org.ciaf.user.UserGenerator - User generated: Todd Borer, email: adrien.cormier@gmail.com
16:00:35.419 [main] INFO  org.ciaf.user.UserGenerator - User generated: Malorie Bechtelar, email: gertrude.medhurst@gmail.com
16:00:35.419 [main] INFO  org.ciaf.user.UserGenerator - User generated: Donnie Schmidt, email: omar.lesch@gmail.com
16:00:35.428 [main] INFO  org.ciaf.user.UserGenerator - User generated: Jarvis Schowalter, email: shaunna.goyette@gmail.com
16:00:35.428 [main] INFO  org.ciaf.user.UserGenerator - User generated: Manuel McCullough, email: flora.blanda@hotmail.com
16:00:35.428 [main] INFO  org.ciaf.user.UserGenerator - User generated: Susana Lueilwitz, email: santo.wilkinson@yahoo.com
16:00:35.428 [main] INFO  org.ciaf.user.UserGenerator - User generated: Amberly Nicolas, email: isaias.beier@yahoo.com
