16:01:44.467 [main] INFO  org.ciaf.user.UserGenerator - User generated: Angeles D'Amore, email: rudolf.sanford@gmail.com
16:01:44.467 [main] INFO  org.ciaf.user.UserGenerator - User generated: Lonny Huel, email: russell.doyle@yahoo.com
16:01:44.467 [main] INFO  org.ciaf.user.UserGenerator - User generated: Dr. Walter Prosacco, email: scottie.hartmann@yahoo.com
16:01:44.467 [main] INFO  org.ciaf.user.UserGenerator - User generated: Loyd Lemke, email: jeramy.rodriguez@gmail.com
16:01:44.467 [main] INFO  org.ciaf.user.UserGenerator - User generated: Louie Schumm, email: mauro.friesen@hotmail.com
16:01:44.467 [main] INFO  org.ciaf.user.UserGenerator - User generated: Miss Eldridge Durgan, email: jewel.collins@hotmail.com
16:01:44.467 [main] INFO  org.ciaf.user.UserGenerator - User generated: Ms. Ione Pagac, email: lashonda.damore@hotmail.com
16:01:44.467 [main] INFO  org.ciaf.user.UserGenerator - User generated: Dr. Xiomara Welch, email: diego.hahn@hotmail.com
16:01:44.467 [main] INFO  org.ciaf.user.UserGenerator - User generated: Carl Stracke IV, email: numbers.beahan@gmail.com
16:01:44.482 [main] INFO  org.ciaf.user.UserGenerator - User generated: Cleo Adams, email: dewey.collier@hotmail.com
16:01:44.482 [main] INFO  org.ciaf.user.UserGenerator - User generated: Mr. Muriel Ratke, email: georgiana.bauch@yahoo.com
16:01:44.482 [main] INFO  org.ciaf.user.UserGenerator - User generated: Ms. Vada Hammes, email: felipe.jakubowski@gmail.com
16:01:44.482 [main] INFO  org.ciaf.user.UserGenerator - User generated: Denice Schmeler, email: harris.white@gmail.com
16:01:44.482 [main] INFO  org.ciaf.user.UserGenerator - User generated: Jarrett Beatty, email: talitha.klein@hotmail.com
16:01:44.482 [main] INFO  org.ciaf.user.UserGenerator - User generated: Isabella Pagac, email: julene.gulgowski@yahoo.com
16:01:44.482 [main] INFO  org.ciaf.user.UserGenerator - User generated: Morton Fadel, email: nannette.mckenzie@yahoo.com
16:01:44.482 [main] INFO  org.ciaf.user.UserGenerator - User generated: Garth Schultz, email: tonya.dietrich@gmail.com
16:01:44.482 [main] INFO  org.ciaf.user.UserGenerator - User generated: Taneka Haag, email: jay.hamill@hotmail.com
16:01:44.482 [main] INFO  org.ciaf.user.UserGenerator - User generated: Simon Herman, email: beau.jacobi@hotmail.com
16:01:44.482 [main] INFO  org.ciaf.user.UserGenerator - User generated: Anh Hermann, email: walton.emard@hotmail.com
