19:23:44.186 [main] INFO  org.ciaf.user.UserGenerator - User generated: Darin Lynch, email: maudie.anderson@yahoo.com, rol: salesperson
19:23:44.186 [main] INFO  org.ciaf.user.UserGenerator - User generated: Leopoldo Beer, email: van.koepp@gmail.com, rol: salesperson
19:23:44.202 [main] INFO  org.ciaf.user.UserGenerator - User generated: Marvin Russel, email: jade.schmidt@gmail.com, rol: salesperson
19:23:44.202 [main] INFO  org.ciaf.user.UserGenerator - User generated: Miss Aisha Aufderhar, email: dusty.oconnell@yahoo.com, rol: salesperson
19:23:44.202 [main] INFO  org.ciaf.user.UserGenerator - User generated: Marcus Pacocha, email: sanjuana.kozey@yahoo.com, rol: salesperson
19:23:44.202 [main] INFO  org.ciaf.user.UserGenerator - User generated: Elmer Okuneva, email: ashli.grant@hotmail.com, rol: salesperson
19:23:44.202 [main] INFO  org.ciaf.user.UserGenerator - User generated: Laticia Quitzon, email: lester.marks@hotmail.com, rol: salesperson
19:23:44.218 [main] INFO  org.ciaf.user.UserGenerator - User generated: Rea Predovic, email: lavern.kuhn@hotmail.com, rol: salesperson
19:23:44.218 [main] INFO  org.ciaf.user.UserGenerator - User generated: Roxanna Kub, email: alpha.bogan@hotmail.com, rol: salesperson
19:23:44.218 [main] INFO  org.ciaf.user.UserGenerator - User generated: Ami Senger, email: ami.roob@hotmail.com, rol: salesperson
19:23:44.218 [main] INFO  org.ciaf.user.UserGenerator - User generated: Emelia Franecki, email: adrianne.pagac@yahoo.com, rol: salesperson
19:23:44.218 [main] INFO  org.ciaf.user.UserGenerator - User generated: Stephine Kuhic, email: liberty.barrows@hotmail.com, rol: salesperson
19:23:44.218 [main] INFO  org.ciaf.user.UserGenerator - User generated: Frankie Terry, email: toney.runte@gmail.com, rol: salesperson
19:23:44.225 [main] INFO  org.ciaf.user.UserGenerator - User generated: Fletcher McKenzie, email: mack.braun@gmail.com, rol: salesperson
19:23:44.225 [main] INFO  org.ciaf.user.UserGenerator - User generated: Lakeshia Bechtelar, email: renaldo.fahey@yahoo.com, rol: salesperson
19:23:44.225 [main] INFO  org.ciaf.user.UserGenerator - User generated: Jeremy Rolfson, email: numbers.hessel@gmail.com, rol: salesperson
19:23:44.225 [main] INFO  org.ciaf.user.UserGenerator - User generated: Florentina Osinski, email: norbert.runolfsson@gmail.com, rol: salesperson
19:23:44.225 [main] INFO  org.ciaf.user.UserGenerator - User generated: Lorena Pouros, email: shu.borer@yahoo.com, rol: salesperson
19:23:44.225 [main] INFO  org.ciaf.user.UserGenerator - User generated: Hertha Hudson, email: martine.hilll@gmail.com, rol: salesperson
19:23:44.225 [main] INFO  org.ciaf.user.UserGenerator - User generated: Dario Hartmann, email: cordell.abernathy@yahoo.com, rol: salesperson
