19:17:42.994 [main] INFO  org.ciaf.user.UserGenerator - User generated: Caprice Lind III, email: kacie.veum@hotmail.com, rol: salesperson
19:17:43.004 [main] INFO  org.ciaf.user.UserGenerator - User generated: Soon Dickinson Sr., email: hobert.kreiger@yahoo.com, rol: salesperson
19:17:43.004 [main] INFO  org.ciaf.user.UserGenerator - User generated: Minnie Kuphal, email: rodrick.langworth@gmail.com, rol: salesperson
19:17:43.004 [main] INFO  org.ciaf.user.UserGenerator - User generated: Marcene Jones, email: darcel.beier@gmail.com, rol: salesperson
19:17:43.010 [main] INFO  org.ciaf.user.UserGenerator - User generated: Nydia Ankunding, email: porter.fisher@hotmail.com, rol: salesperson
19:17:43.010 [main] INFO  org.ciaf.user.UserGenerator - User generated: Wilford Orn, email: rodolfo.romaguera@gmail.com, rol: salesperson
19:17:43.010 [main] INFO  org.ciaf.user.UserGenerator - User generated: Titus Kilback Jr., email: margarito.stamm@yahoo.com, rol: salesperson
19:17:43.010 [main] INFO  org.ciaf.user.UserGenerator - User generated: Jalisa Monahan, email: pablo.mccullough@hotmail.com, rol: salesperson
19:17:43.010 [main] INFO  org.ciaf.user.UserGenerator - User generated: Jeffrey Hyatt I, email: elvera.vandervort@yahoo.com, rol: salesperson
19:17:43.010 [main] INFO  org.ciaf.user.UserGenerator - User generated: Max Hilpert, email: zetta.nienow@yahoo.com, rol: salesperson
19:17:43.026 [main] INFO  org.ciaf.user.UserGenerator - User generated: Leanora Mraz, email: lindsy.kertzmann@gmail.com, rol: salesperson
19:17:43.026 [main] INFO  org.ciaf.user.UserGenerator - User generated: Kenna Schultz, email: josiah.schuppe@hotmail.com, rol: salesperson
19:17:43.026 [main] INFO  org.ciaf.user.UserGenerator - User generated: Bradley Nicolas, email: edmond.wiza@hotmail.com, rol: salesperson
19:17:43.026 [main] INFO  org.ciaf.user.UserGenerator - User generated: Coleman Rohan, email: raymond.jenkins@gmail.com, rol: salesperson
19:17:43.026 [main] INFO  org.ciaf.user.UserGenerator - User generated: Miss Marketta Little, email: cammie.streich@yahoo.com, rol: salesperson
19:17:43.026 [main] INFO  org.ciaf.user.UserGenerator - User generated: Helene Lind, email: randy.jacobs@yahoo.com, rol: salesperson
19:17:43.026 [main] INFO  org.ciaf.user.UserGenerator - User generated: Dodie Trantow, email: wayne.bergstrom@gmail.com, rol: salesperson
19:17:43.026 [main] INFO  org.ciaf.user.UserGenerator - User generated: Ralph Reichert III, email: bart.russel@yahoo.com, rol: salesperson
19:17:43.026 [main] INFO  org.ciaf.user.UserGenerator - User generated: Adan Dooley, email: marni.yundt@yahoo.com, rol: salesperson
19:17:43.026 [main] INFO  org.ciaf.user.UserGenerator - User generated: Quinton Mraz DDS, email: tad.casper@yahoo.com, rol: salesperson
