16:00:12.213 [main] INFO  org.ciaf.product.ProductGenerator - Product generated: Rustic Concrete Coat, Price:382.78
16:00:12.213 [main] INFO  org.ciaf.product.ProductGenerator - Product generated: Intelligent Wooden Hat, Price:682.02
16:00:12.213 [main] INFO  org.ciaf.product.ProductGenerator - Product generated: Fantastic Wool Lamp, Price:27.19
16:00:12.213 [main] INFO  org.ciaf.product.ProductGenerator - Product generated: Synergistic Aluminum Bottle, Price:760.84
16:00:12.213 [main] INFO  org.ciaf.product.ProductGenerator - Product generated: Practical Copper Shirt, Price:657.28
16:00:12.213 [main] INFO  org.ciaf.product.ProductGenerator - Product generated: Heavy Duty Linen Bottle, Price:168.06
16:00:12.213 [main] INFO  org.ciaf.product.ProductGenerator - Product generated: Rustic Bronze Bench, Price:690.73
16:00:12.213 [main] INFO  org.ciaf.product.ProductGenerator - Product generated: Rustic Plastic Watch, Price:501.01
16:00:12.229 [main] INFO  org.ciaf.product.ProductGenerator - Product generated: Awesome Aluminum Coat, Price:286.79
16:00:12.229 [main] INFO  org.ciaf.product.ProductGenerator - Product generated: Ergonomic Cotton Computer, Price:352.15
16:00:12.229 [main] INFO  org.ciaf.product.ProductGenerator - Product generated: Intelligent Marble Bag, Price:275.07
16:00:12.229 [main] INFO  org.ciaf.product.ProductGenerator - Product generated: Durable Plastic Knife, Price:236.91
16:00:12.229 [main] INFO  org.ciaf.product.ProductGenerator - Product generated: Awesome Wool Plate, Price:807.24
16:00:12.229 [main] INFO  org.ciaf.product.ProductGenerator - Product generated: Fantastic Concrete Keyboard, Price:542.86
16:00:12.229 [main] INFO  org.ciaf.product.ProductGenerator - Product generated: Intelligent Linen Watch, Price:239.29
16:00:12.229 [main] INFO  org.ciaf.product.ProductGenerator - Product generated: Sleek Wool Table, Price:99.73
16:00:12.229 [main] INFO  org.ciaf.product.ProductGenerator - Product generated: Ergonomic Plastic Watch, Price:268.36
16:00:12.229 [main] INFO  org.ciaf.product.ProductGenerator - Product generated: Fantastic Bronze Shirt, Price:849.97
16:00:12.229 [main] INFO  org.ciaf.product.ProductGenerator - Product generated: Ergonomic Copper Watch, Price:650.54
16:00:12.229 [main] INFO  org.ciaf.product.ProductGenerator - Product generated: Aerodynamic Aluminum Bottle, Price:131.58
