19:18:39.159 [main] INFO  org.ciaf.user.UserGenerator - User generated: Christoper Konopelski, email: taunya.pouros@yahoo.com, rol: salesperson
19:18:39.159 [main] INFO  org.ciaf.user.UserGenerator - User generated: Iris White, email: coleman.bosco@hotmail.com, rol: salesperson
19:18:39.168 [main] INFO  org.ciaf.user.UserGenerator - User generated: Randolph Kshlerin Jr., email: sybil.williamson@yahoo.com, rol: salesperson
19:18:39.168 [main] INFO  org.ciaf.user.UserGenerator - User generated: Dr. Sulema Dooley, email: bella.buckridge@yahoo.com, rol: salesperson
19:18:39.168 [main] INFO  org.ciaf.user.UserGenerator - User generated: Adam Wehner, email: berta.ledner@hotmail.com, rol: salesperson
19:18:39.168 [main] INFO  org.ciaf.user.UserGenerator - User generated: Stacey Klocko V, email: bill.wuckert@hotmail.com, rol: salesperson
19:18:39.175 [main] INFO  org.ciaf.user.UserGenerator - User generated: Chantel Barrows, email: efren.reinger@yahoo.com, rol: salesperson
19:18:39.175 [main] INFO  org.ciaf.user.UserGenerator - User generated: Mrs. Sol Hirthe, email: joe.mueller@hotmail.com, rol: salesperson
19:18:39.175 [main] INFO  org.ciaf.user.UserGenerator - User generated: Dr. Babette Heller, email: delbert.heidenreich@yahoo.com, rol: salesperson
19:18:39.175 [main] INFO  org.ciaf.user.UserGenerator - User generated: Ileana Conn, email: garrett.borer@gmail.com, rol: salesperson
19:18:39.175 [main] INFO  org.ciaf.user.UserGenerator - User generated: Cedric Christiansen, email: chante.gusikowski@gmail.com, rol: salesperson
19:18:39.175 [main] INFO  org.ciaf.user.UserGenerator - User generated: Tobias Hirthe, email: angie.terry@gmail.com, rol: salesperson
19:18:39.175 [main] INFO  org.ciaf.user.UserGenerator - User generated: Robt Rau, email: taylor.will@yahoo.com, rol: salesperson
19:18:39.175 [main] INFO  org.ciaf.user.UserGenerator - User generated: Darnell Kuhic, email: benjamin.jacobson@gmail.com, rol: salesperson
19:18:39.175 [main] INFO  org.ciaf.user.UserGenerator - User generated: Mikel Brown, email: lanelle.jacobs@gmail.com, rol: salesperson
19:18:39.191 [main] INFO  org.ciaf.user.UserGenerator - User generated: Mr. Yolande Runte, email: williams.bechtelar@yahoo.com, rol: salesperson
19:18:39.191 [main] INFO  org.ciaf.user.UserGenerator - User generated: Glenn Gleichner MD, email: herlinda.koch@yahoo.com, rol: salesperson
19:18:39.191 [main] INFO  org.ciaf.user.UserGenerator - User generated: Britteny White, email: reuben.effertz@gmail.com, rol: salesperson
19:18:39.191 [main] INFO  org.ciaf.user.UserGenerator - User generated: Kieth Konopelski, email: pedro.jerde@yahoo.com, rol: salesperson
19:18:39.191 [main] INFO  org.ciaf.user.UserGenerator - User generated: Carletta Sporer, email: randy.watsica@hotmail.com, rol: salesperson
