16:04:10.648 [main] INFO  org.ciaf.user.UserGenerator - User generated: Curtis Deckow, email: johnsie.casper@gmail.comrol: salesperson
16:04:10.648 [main] INFO  org.ciaf.user.UserGenerator - User generated: Lashunda Homenick I, email: jefferey.flatley@gmail.comrol: salesperson
16:04:10.648 [main] INFO  org.ciaf.user.UserGenerator - User generated: Mariann Doyle, email: lawrence.jacobs@hotmail.comrol: salesperson
16:04:10.664 [main] INFO  org.ciaf.user.UserGenerator - User generated: Valentine Koss, email: augustine.wilkinson@hotmail.comrol: salesperson
16:04:10.664 [main] INFO  org.ciaf.user.UserGenerator - User generated: Mrs. Bradford Skiles, email: vincenzo.hessel@gmail.comrol: salesperson
16:04:10.664 [main] INFO  org.ciaf.user.UserGenerator - User generated: Jacquline Tillman, email: criselda.gibson@yahoo.comrol: salesperson
16:04:10.664 [main] INFO  org.ciaf.user.UserGenerator - User generated: Audry Hamill, email: jarvis.murphy@gmail.comrol: salesperson
16:04:10.664 [main] INFO  org.ciaf.user.UserGenerator - User generated: Mario Kuvalis III, email: allie.schuppe@yahoo.comrol: salesperson
16:04:10.664 [main] INFO  org.ciaf.user.UserGenerator - User generated: Jeanmarie Langosh, email: sigrid.prosacco@hotmail.comrol: salesperson
16:04:10.664 [main] INFO  org.ciaf.user.UserGenerator - User generated: Louella Homenick, email: yuk.kassulke@yahoo.comrol: salesperson
16:04:10.664 [main] INFO  org.ciaf.user.UserGenerator - User generated: Russell Greenfelder Jr., email: modesto.heidenreich@hotmail.comrol: salesperson
16:04:10.664 [main] INFO  org.ciaf.user.UserGenerator - User generated: Carlos Kunde, email: herminia.wolf@yahoo.comrol: salesperson
16:04:10.664 [main] INFO  org.ciaf.user.UserGenerator - User generated: Nickolas Collier, email: jaclyn.metz@gmail.comrol: salesperson
16:04:10.664 [main] INFO  org.ciaf.user.UserGenerator - User generated: Ashlee McCullough, email: vernia.lindgren@gmail.comrol: salesperson
16:04:10.679 [main] INFO  org.ciaf.user.UserGenerator - User generated: Brandie Grady, email: maria.predovic@hotmail.comrol: salesperson
16:04:10.679 [main] INFO  org.ciaf.user.UserGenerator - User generated: Dr. Reynaldo Skiles, email: renae.kohler@gmail.comrol: salesperson
16:04:10.679 [main] INFO  org.ciaf.user.UserGenerator - User generated: Johnnie Mertz, email: delbert.lesch@yahoo.comrol: salesperson
16:04:10.679 [main] INFO  org.ciaf.user.UserGenerator - User generated: Donovan Hettinger Jr., email: tanner.wilderman@hotmail.comrol: salesperson
16:04:10.679 [main] INFO  org.ciaf.user.UserGenerator - User generated: Ariana Roberts, email: latosha.feil@hotmail.comrol: salesperson
16:04:10.679 [main] INFO  org.ciaf.user.UserGenerator - User generated: Dr. Alberto Jast, email: shanda.moen@gmail.comrol: salesperson
