15:52:58.838 [main] INFO  org.ciaf.user.UserGenerator - User generated: Reda Stehr, email: carmella.skiles@hotmail.com
15:52:58.842 [main] INFO  org.ciaf.user.UserGenerator - User generated: Miss Jerica Schuster, email: clayton.bahringer@hotmail.com
15:52:58.842 [main] INFO  org.ciaf.user.UserGenerator - User generated: Sebrina Okuneva, email: nicolette.lynch@hotmail.com
15:52:58.842 [main] INFO  org.ciaf.user.UserGenerator - User generated: Andrea Wiegand, email: kendra.dooley@gmail.com
15:52:58.842 [main] INFO  org.ciaf.user.UserGenerator - User generated: Mrs. Willetta Murray, email: aubrey.sauer@yahoo.com
15:52:58.846 [main] INFO  org.ciaf.user.UserGenerator - User generated: Norris Abbott, email: janella.mcclure@hotmail.com
15:52:58.846 [main] INFO  org.ciaf.user.UserGenerator - User generated: Miss Cyril Beer, email: isaac.heathcote@yahoo.com
15:52:58.846 [main] INFO  org.ciaf.user.UserGenerator - User generated: Naida O'Connell, email: leo.kozey@hotmail.com
15:52:58.846 [main] INFO  org.ciaf.user.UserGenerator - User generated: Shavon Kerluke IV, email: gino.upton@gmail.com
15:52:58.846 [main] INFO  org.ciaf.user.UserGenerator - User generated: Edmundo West, email: curtis.bogan@yahoo.com
15:52:58.846 [main] INFO  org.ciaf.user.UserGenerator - User generated: Marcel Harber, email: clifton.jones@yahoo.com
15:52:58.854 [main] INFO  org.ciaf.user.UserGenerator - User generated: Luz Thiel, email: omer.ondricka@hotmail.com
15:52:58.854 [main] INFO  org.ciaf.user.UserGenerator - User generated: Mary Schumm, email: kesha.jaskolski@hotmail.com
15:52:58.854 [main] INFO  org.ciaf.user.UserGenerator - User generated: Mrs. Delbert Fisher, email: julio.borer@hotmail.com
15:52:58.854 [main] INFO  org.ciaf.user.UserGenerator - User generated: Clifton Becker, email: sandie.padberg@hotmail.com
15:52:58.854 [main] INFO  org.ciaf.user.UserGenerator - User generated: Cindi Ebert, email: fritz.senger@yahoo.com
15:52:58.854 [main] INFO  org.ciaf.user.UserGenerator - User generated: Jim Ratke, email: meredith.huel@yahoo.com
15:52:58.854 [main] INFO  org.ciaf.user.UserGenerator - User generated: Mrs. Ji Parisian, email: emile.kilback@hotmail.com
15:52:58.862 [main] INFO  org.ciaf.user.UserGenerator - User generated: Mr. Mallie Purdy, email: clyde.farrell@hotmail.com
15:52:58.862 [main] INFO  org.ciaf.user.UserGenerator - User generated: Denyse Quigley, email: chae.mcclure@gmail.com
