19:24:25.239 [main] INFO  org.ciaf.user.UserGenerator - User generated: Marshall Kiehn, email: tamatha.hane@gmail.com, rol: salesperson
19:24:25.239 [main] INFO  org.ciaf.user.UserGenerator - User generated: Morris Donnelly, email: marylin.rodriguez@yahoo.com, rol: salesperson
19:24:25.239 [main] INFO  org.ciaf.user.UserGenerator - User generated: Detra Dicki PhD, email: vella.jacobi@gmail.com, rol: salesperson
19:24:25.255 [main] INFO  org.ciaf.user.UserGenerator - User generated: Miss Cris Homenick, email: marcelina.cronin@hotmail.com, rol: salesperson
19:24:25.255 [main] INFO  org.ciaf.user.UserGenerator - User generated: Star Gibson Sr., email: whitney.harris@gmail.com, rol: salesperson
19:24:25.255 [main] INFO  org.ciaf.user.UserGenerator - User generated: Ai Heller, email: shannon.deckow@gmail.com, rol: salesperson
19:24:25.268 [main] INFO  org.ciaf.user.UserGenerator - User generated: Bari Bednar III, email: jeniffer.bradtke@gmail.com, rol: salesperson
19:24:25.268 [main] INFO  org.ciaf.user.UserGenerator - User generated: Deonna Kuphal, email: duane.boyer@yahoo.com, rol: salesperson
19:24:25.268 [main] INFO  org.ciaf.user.UserGenerator - User generated: Mr. Homer Casper, email: ivette.nienow@yahoo.com, rol: salesperson
19:24:25.271 [main] INFO  org.ciaf.user.UserGenerator - User generated: Mrs. Andy Cummerata, email: clark.fadel@hotmail.com, rol: salesperson
19:24:25.271 [main] INFO  org.ciaf.user.UserGenerator - User generated: Willian Wintheiser I, email: francis.wisoky@gmail.com, rol: salesperson
19:24:25.271 [main] INFO  org.ciaf.user.UserGenerator - User generated: Princess Watsica, email: lorilee.rohan@yahoo.com, rol: salesperson
19:24:25.271 [main] INFO  org.ciaf.user.UserGenerator - User generated: Monte Lubowitz, email: otelia.veum@gmail.com, rol: salesperson
19:24:25.271 [main] INFO  org.ciaf.user.UserGenerator - User generated: Young Gutkowski, email: isaias.will@yahoo.com, rol: salesperson
19:24:25.271 [main] INFO  org.ciaf.user.UserGenerator - User generated: Dewey Bruen, email: yan.bayer@hotmail.com, rol: salesperson
19:24:25.271 [main] INFO  org.ciaf.user.UserGenerator - User generated: Glayds Olson, email: boris.nienow@yahoo.com, rol: salesperson
19:24:25.271 [main] INFO  org.ciaf.user.UserGenerator - User generated: Erich Schmeler DVM, email: orlando.weissnat@yahoo.com, rol: salesperson
19:24:25.271 [main] INFO  org.ciaf.user.UserGenerator - User generated: Karl Bayer, email: reiko.hills@hotmail.com, rol: salesperson
19:24:25.271 [main] INFO  org.ciaf.user.UserGenerator - User generated: Leanora Stokes, email: francesco.kessler@hotmail.com, rol: salesperson
19:24:25.271 [main] INFO  org.ciaf.user.UserGenerator - User generated: Jermaine Heathcote, email: dwight.koch@hotmail.com, rol: salesperson
